<?xml version="1.0" encoding="UTF-8"?>
<testsuite name="org.pedro.cruzeiro.developer.trie.TrieMovieCatalogTest" tests="1" skipped="0" failures="0" errors="0" timestamp="2023-06-23T14:11:10" hostname="LIS-C-000WJ" time="0.041">
  <properties/>
  <testcase name="Get Single Movie Details" classname="org.pedro.cruzeiro.developer.trie.TrieMovieCatalogTest" time="0.041"/>
  <system-out><![CDATA[]]></system-out>
  <system-err><![CDATA[]]></system-err>
</testsuite>
